<?xml version="1.0" encoding="UTF-8"?>
<!-- Generated by org.testng.reporters.JUnitReportReporter -->
<testsuite hostname="SCTL-BA-I3-14" failures="0" tests="3" name="in.dolna.qa.testcases.HomePageTestCases" time="74.899" errors="0" timestamp="18 Jan 2019 07:26:25 GMT" skipped="0">
  <testcase classname="in.dolna.qa.testcases.HomePageTestCases" name="verifyHomePageTitleTest" time="22.107"/>
  <testcase classname="in.dolna.qa.testcases.HomePageTestCases" name="verifyclickContactTest" time="29.435"/>
  <testcase classname="in.dolna.qa.testcases.HomePageTestCases" name="verifyUserTitleTest" time="23.357"/>
</testsuite> <!-- in.dolna.qa.testcases.HomePageTestCases -->
