<?xml version="1.0" encoding="UTF-8"?>
<!-- Generated by org.testng.reporters.JUnitReportReporter -->
<testsuite hostname="SCTL-BA-I3-14" failures="0" tests="9" name="in.dolna.qa.testcases.ContactPageTestCase" time="3.992" errors="1" timestamp="04 Jan 2019 12:51:25 GMT" skipped="8">
  <testcase classname="in.dolna.qa.testcases.ContactPageTestCase" name="setup" time="3.992">
    <error message="Duplicate method name &quot;afterChangeValueOf&quot; with signature &quot;(Lorg.openqa.selenium.WebElement;Lorg.openqa.selenium.WebDriver;[Ljava.lang.CharSequence;)V&quot; in class file in/dolna/qa/util/WebEventListener" type="java.lang.ClassFormatError">
      <![CDATA[java.lang.ClassFormatError: Duplicate method name "afterChangeValueOf" with signature "(Lorg.openqa.selenium.WebElement;Lorg.openqa.selenium.WebDriver;[Ljava.lang.CharSequence;)V" in class file in/dolna/qa/util/WebEventListener
at java.base/java.lang.ClassLoader.defineClass1(Native Method)
at java.base/java.lang.ClassLoader.defineClass(ClassLoader.java:1009)
at java.base/java.security.SecureClassLoader.defineClass(SecureClassLoader.java:174)
at java.base/jdk.internal.loader.BuiltinClassLoader.defineClass(BuiltinClassLoader.java:801)
at java.base/jdk.internal.loader.BuiltinClassLoader.findClassOnClassPathOrNull(BuiltinClassLoader.java:699)
at java.base/jdk.internal.loader.BuiltinClassLoader.loadClassOrNull(BuiltinClassLoader.java:622)
at java.base/jdk.internal.loader.BuiltinClassLoader.loadClass(BuiltinClassLoader.java:580)
at java.base/jdk.internal.loader.ClassLoaders$AppClassLoader.loadClass(ClassLoaders.java:190)
at java.base/java.lang.ClassLoader.loadClass(ClassLoader.java:499)
at in.dolna.qa.basepackage.TestBaseClass.initialization(TestBaseClass.java:60)
at in.dolna.qa.testcases.ContactPageTestCase.setup(ContactPageTestCase.java:37)
at java.base/jdk.internal.reflect.NativeMethodAccessorImpl.invoke0(Native Method)
at java.base/jdk.internal.reflect.NativeMethodAccessorImpl.invoke(NativeMethodAccessorImpl.java:62)
at java.base/jdk.internal.reflect.DelegatingMethodAccessorImpl.invoke(DelegatingMethodAccessorImpl.java:43)
at java.base/java.lang.reflect.Method.invoke(Method.java:564)
at org.testng.internal.MethodInvocationHelper.invokeMethod(MethodInvocationHelper.java:124)
at org.testng.internal.MethodInvocationHelper.invokeMethodConsideringTimeout(MethodInvocationHelper.java:59)
at org.testng.internal.Invoker.invokeConfigurationMethod(Invoker.java:458)
at org.testng.internal.Invoker.invokeConfigurations(Invoker.java:222)
at org.testng.internal.Invoker.invokeMethod(Invoker.java:523)
at org.testng.internal.Invoker.invokeTestMethod(Invoker.java:719)
at org.testng.internal.Invoker.invokeTestMethods(Invoker.java:989)
at org.testng.internal.TestMethodWorker.invokeTestMethods(TestMethodWorker.java:125)
at org.testng.internal.TestMethodWorker.run(TestMethodWorker.java:109)
at org.testng.TestRunner.privateRun(TestRunner.java:648)
at org.testng.TestRunner.run(TestRunner.java:505)
at org.testng.SuiteRunner.runTest(SuiteRunner.java:455)
at org.testng.SuiteRunner.runSequentially(SuiteRunner.java:450)
at org.testng.SuiteRunner.privateRun(SuiteRunner.java:415)
at org.testng.SuiteRunner.run(SuiteRunner.java:364)
at org.testng.SuiteRunnerWorker.runSuite(SuiteRunnerWorker.java:52)
at org.testng.SuiteRunnerWorker.run(SuiteRunnerWorker.java:84)
at org.testng.TestNG.runSuitesSequentially(TestNG.java:1208)
at org.testng.TestNG.runSuitesLocally(TestNG.java:1137)
at org.testng.TestNG.runSuites(TestNG.java:1049)
at org.testng.TestNG.run(TestNG.java:1017)
at org.testng.remote.AbstractRemoteTestNG.run(AbstractRemoteTestNG.java:114)
at org.testng.remote.RemoteTestNG.initAndRun(RemoteTestNG.java:251)
at org.testng.remote.RemoteTestNG.main(RemoteTestNG.java:77)
]]>
    </error>
  </testcase> <!-- setup -->
  <testcase classname="in.dolna.qa.testcases.ContactPageTestCase" name="verifyTitleTest" time="0.000">
    <skipped/>
  </testcase> <!-- verifyTitleTest -->
  <testcase classname="in.dolna.qa.testcases.ContactPageTestCase" name="verifyContactLabelTest" time="0.000">
    <skipped/>
  </testcase> <!-- verifyContactLabelTest -->
  <testcase classname="in.dolna.qa.testcases.ContactPageTestCase" name="verifySelectContactTest" time="0.000">
    <skipped/>
  </testcase> <!-- verifySelectContactTest -->
  <testcase classname="in.dolna.qa.testcases.ContactPageTestCase" name="validateCreateNewContactTestCase" time="0.000">
    <skipped/>
  </testcase> <!-- validateCreateNewContactTestCase -->
  <testcase classname="in.dolna.qa.testcases.ContactPageTestCase" name="validateCreateNewContactTestCase" time="0.000">
    <skipped/>
  </testcase> <!-- validateCreateNewContactTestCase -->
  <testcase classname="in.dolna.qa.testcases.ContactPageTestCase" name="validateCreateNewContactTestCase" time="0.000">
    <skipped/>
  </testcase> <!-- validateCreateNewContactTestCase -->
  <testcase classname="in.dolna.qa.testcases.ContactPageTestCase" name="validateCreateNewContactTestCase" time="0.000">
    <skipped/>
  </testcase> <!-- validateCreateNewContactTestCase -->
  <testcase classname="in.dolna.qa.testcases.ContactPageTestCase" name="validateCreateNewContactTestCase" time="0.000">
    <skipped/>
  </testcase> <!-- validateCreateNewContactTestCase -->
</testsuite> <!-- in.dolna.qa.testcases.ContactPageTestCase -->
